#
# There is insufficient memory for the Java Runtime Environment to continue.
# Native memory allocation (malloc) failed to allocate 392176 bytes for Chunk::new
# Possible reasons:
#   The system is out of physical RAM or swap space
#   The process is running with CompressedOops enabled, and the Java Heap may be blocking the growth of the native heap
# Possible solutions:
#   Reduce memory load on the system
#   Increase physical memory or swap space
#   Check if swap backing store is full
#   Decrease Java heap size (-Xmx/-Xms)
#   Decrease number of Java threads
#   Decrease Java thread stack sizes (-Xss)
#   Set larger code cache with -XX:ReservedCodeCacheSize=
#   JVM is running with Unscaled Compressed Oops mode in which the Java heap is
#     placed in the first 4GB address space. The Java Heap base address is the
#     maximum limit for the native heap growth. Please use -XX:HeapBaseMinAddress
#     to set the Java Heap base and to place the Java Heap above 4GB virtual address.
# This output file may be truncated or incomplete.
#
#  Out of Memory Error (./src/hotspot/share/memory/arena.cpp:197), pid=24304, tid=10380
#
# JRE version: OpenJDK Runtime Environment JBR-11.0.12.7-1504.40-jcef (11.0.12+7) (build 11.0.12+7-b1504.40)
# Java VM: OpenJDK 64-Bit Server VM JBR-11.0.12.7-1504.40-jcef (11.0.12+7-b1504.40, mixed mode, tiered, compressed oops, g1 gc, windows-amd64)
# No core dump will be written. Minidumps are not enabled by default on client versions of Windows
#

---------------  S U M M A R Y ------------

Command Line: -Djava.rmi.server.hostname=127.0.0.1 -Duser.timezone=UTC -Xmx1009m -Xms128m -Dfile.encoding=UTF-8 com.intellij.database.remote.RemoteJdbcServer com.mysql.cj.jdbc.Driver

Host: Intel(R) Core(TM) i5-8250U CPU @ 1.60GHz, 8 cores, 7G,  Windows 10 , 64 bit Build 19041 (10.0.19041.1566)
Time: Sat Apr 30 14:00:29 2022 Srodkowoeuropejski czas letni elapsed time: 1.922113 seconds (0d 0h 0m 1s)

---------------  T H R E A D  ---------------

Current thread (0x0000029eadc43800):  JavaThread "C2 CompilerThread1" daemon [_thread_in_native, id=10380, stack(0x000000c5e6d00000,0x000000c5e6e00000)]


Current CompileTask:
C2:   1922  986       4       java.util.Properties::loadConvert (524 bytes)

Stack: [0x000000c5e6d00000,0x000000c5e6e00000]
Native frames: (J=compiled Java code, j=interpreted, Vv=VM code, C=native code)
V  [jvm.dll+0x5ff40a]
V  [jvm.dll+0x783b65]
V  [jvm.dll+0x78517d]
V  [jvm.dll+0x785833]
V  [jvm.dll+0x249408]
V  [jvm.dll+0xc12ac]
V  [jvm.dll+0xc17dc]
V  [jvm.dll+0x35d02d]
V  [jvm.dll+0x32a383]
V  [jvm.dll+0x32987a]
V  [jvm.dll+0x201f92]
V  [jvm.dll+0x201124]
V  [jvm.dll+0x18ae6c]
V  [jvm.dll+0x20fb97]
V  [jvm.dll+0x20e3c1]
V  [jvm.dll+0x74b88f]
V  [jvm.dll+0x744355]
V  [jvm.dll+0x5fe316]
C  [ucrtbase.dll+0x21bb2]
C  [KERNEL32.DLL+0x17034]
C  [ntdll.dll+0x52651]


---------------  P R O C E S S  ---------------

Threads class SMR info:
_java_thread_list=0x0000029eadcdafd0, length=19, elements={
0x0000029e94dbc800, 0x0000029eaccec000, 0x0000029eacd15000, 0x0000029ead6b2800,
0x0000029eacd24000, 0x0000029eacd25800, 0x0000029eacd34800, 0x0000029eacd3b000,
0x0000029eacd3e800, 0x0000029ead81c000, 0x0000029ead900800, 0x0000029ead828000,
0x0000029eadc43800, 0x0000029eadb4b000, 0x0000029eadb5b800, 0x0000029eadb60800,
0x0000029eadc6b000, 0x0000029eaddb0800, 0x0000029eadcf6800
}

Java Threads: ( => current thread )
  0x0000029e94dbc800 JavaThread "main" [_thread_blocked, id=25492, stack(0x000000c5e5a00000,0x000000c5e5b00000)]
  0x0000029eaccec000 JavaThread "Reference Handler" daemon [_thread_blocked, id=20168, stack(0x000000c5e6100000,0x000000c5e6200000)]
  0x0000029eacd15000 JavaThread "Finalizer" daemon [_thread_blocked, id=5380, stack(0x000000c5e6200000,0x000000c5e6300000)]
  0x0000029ead6b2800 JavaThread "Signal Dispatcher" daemon [_thread_blocked, id=15936, stack(0x000000c5e6300000,0x000000c5e6400000)]
  0x0000029eacd24000 JavaThread "Attach Listener" daemon [_thread_blocked, id=14880, stack(0x000000c5e6400000,0x000000c5e6500000)]
  0x0000029eacd25800 JavaThread "Service Thread" daemon [_thread_blocked, id=9576, stack(0x000000c5e6500000,0x000000c5e6600000)]
  0x0000029eacd34800 JavaThread "C2 CompilerThread0" daemon [_thread_in_native, id=14244, stack(0x000000c5e6600000,0x000000c5e6700000)]
  0x0000029eacd3b000 JavaThread "C1 CompilerThread0" daemon [_thread_blocked, id=11540, stack(0x000000c5e6700000,0x000000c5e6800000)]
  0x0000029eacd3e800 JavaThread "Sweeper thread" daemon [_thread_blocked, id=23496, stack(0x000000c5e6800000,0x000000c5e6900000)]
  0x0000029ead81c000 JavaThread "Common-Cleaner" daemon [_thread_blocked, id=21392, stack(0x000000c5e6a00000,0x000000c5e6b00000)]
  0x0000029ead900800 JavaThread "mysql-cj-abandoned-connection-cleanup" daemon [_thread_blocked, id=3428, stack(0x000000c5e6c00000,0x000000c5e6d00000)]
  0x0000029ead828000 JavaThread "RMI TCP Accept-60186" daemon [_thread_in_native, id=19876, stack(0x000000c5e6b00000,0x000000c5e6c00000)]
=>0x0000029eadc43800 JavaThread "C2 CompilerThread1" daemon [_thread_in_native, id=10380, stack(0x000000c5e6d00000,0x000000c5e6e00000)]
  0x0000029eadb4b000 JavaThread "RMI TCP Accept-0" daemon [_thread_in_native, id=24556, stack(0x000000c5e6e00000,0x000000c5e6f00000)]
  0x0000029eadb5b800 JavaThread "RMI Reaper" [_thread_blocked, id=3080, stack(0x000000c5e6f00000,0x000000c5e7000000)]
  0x0000029eadb60800 JavaThread "RMI GC Daemon" daemon [_thread_blocked, id=1984, stack(0x000000c5e7000000,0x000000c5e7100000)]
  0x0000029eadc6b000 JavaThread "RMI TCP Connection(1)-127.0.0.1" daemon [_thread_in_native, id=7976, stack(0x000000c5e7100000,0x000000c5e7200000)]
  0x0000029eaddb0800 JavaThread "RMI TCP Connection(2)-127.0.0.1" daemon [_thread_in_vm, id=14084, stack(0x000000c5e7300000,0x000000c5e7400000)]
  0x0000029eadcf6800 JavaThread "RMI Scheduler(0)" daemon [_thread_blocked, id=14888, stack(0x000000c5e7400000,0x000000c5e7500000)]

Other Threads:
  0x0000029eacce9000 VMThread "VM Thread" [stack: 0x000000c5e6000000,0x000000c5e6100000] [id=11956]
  0x0000029ead810800 WatcherThread [stack: 0x000000c5e6900000,0x000000c5e6a00000] [id=15132]
  0x0000029e94dd1800 GCTaskThread "GC Thread#0" [stack: 0x000000c5e5b00000,0x000000c5e5c00000] [id=4392]
  0x0000029e94def800 ConcurrentGCThread "G1 Main Marker" [stack: 0x000000c5e5c00000,0x000000c5e5d00000] [id=7948]
  0x0000029e94df1000 ConcurrentGCThread "G1 Conc#0" [stack: 0x000000c5e5d00000,0x000000c5e5e00000] [id=21712]
  0x0000029e94e91000 ConcurrentGCThread "G1 Refine#0" [stack: 0x000000c5e5e00000,0x000000c5e5f00000] [id=11000]
  0x0000029e94e92000 ConcurrentGCThread "G1 Young RemSet Sampling" [stack: 0x000000c5e5f00000,0x000000c5e6000000] [id=3040]

Threads with active compile tasks:
C2 CompilerThread0   1980 1018       4       java.lang.invoke.InvokerBytecodeGenerator::emitImplicitConversion (159 bytes)
C2 CompilerThread1   1980  986       4       java.util.Properties::loadConvert (524 bytes)

VM state:not at safepoint (normal execution)

VM Mutex/Monitor currently owned by a thread: None

Heap address: 0x00000000c0e00000, size: 1010 MB, Compressed Oops mode: 32-bit
Narrow klass base: 0x0000000000000000, Narrow klass shift: 3
Compressed class space size: 1073741824 Address: 0x0000000100000000

Heap:
 garbage-first heap   total 131072K, used 16384K [0x00000000c0e00000, 0x0000000100000000)
  region size 1024K, 16 young (16384K), 0 survivors (0K)
 Metaspace       used 12844K, capacity 13388K, committed 13696K, reserved 1060864K
  class space    used 1339K, capacity 1593K, committed 1664K, reserved 1048576K
Heap Regions: E=young(eden), S=young(survivor), O=old, HS=humongous(starts), HC=humongous(continues), CS=collection set, F=free, A=archive, TAMS=top-at-mark-start (previous, next)
|   0|0x00000000c0e00000, 0x00000000c0f00000, 0x00000000c0f00000|100%|HS|  |TAMS 0x00000000c0e00000, 0x00000000c0e00000| Complete 
|   1|0x00000000c0f00000, 0x00000000c0f00000, 0x00000000c1000000|  0%| F|  |TAMS 0x00000000c0f00000, 0x00000000c0f00000| Untracked 
|   2|0x00000000c1000000, 0x00000000c1000000, 0x00000000c1100000|  0%| F|  |TAMS 0x00000000c1000000, 0x00000000c1000000| Untracked 
|   3|0x00000000c1100000, 0x00000000c1100000, 0x00000000c1200000|  0%| F|  |TAMS 0x00000000c1100000, 0x00000000c1100000| Untracked 
|   4|0x00000000c1200000, 0x00000000c1200000, 0x00000000c1300000|  0%| F|  |TAMS 0x00000000c1200000, 0x00000000c1200000| Untracked 
|   5|0x00000000c1300000, 0x00000000c1300000, 0x00000000c1400000|  0%| F|  |TAMS 0x00000000c1300000, 0x00000000c1300000| Untracked 
|   6|0x00000000c1400000, 0x00000000c1400000, 0x00000000c1500000|  0%| F|  |TAMS 0x00000000c1400000, 0x00000000c1400000| Untracked 
|   7|0x00000000c1500000, 0x00000000c1500000, 0x00000000c1600000|  0%| F|  |TAMS 0x00000000c1500000, 0x00000000c1500000| Untracked 
|   8|0x00000000c1600000, 0x00000000c1600000, 0x00000000c1700000|  0%| F|  |TAMS 0x00000000c1600000, 0x00000000c1600000| Untracked 
|   9|0x00000000c1700000, 0x00000000c1700000, 0x00000000c1800000|  0%| F|  |TAMS 0x00000000c1700000, 0x00000000c1700000| Untracked 
|  10|0x00000000c1800000, 0x00000000c1800000, 0x00000000c1900000|  0%| F|  |TAMS 0x00000000c1800000, 0x00000000c1800000| Untracked 
|  11|0x00000000c1900000, 0x00000000c1900000, 0x00000000c1a00000|  0%| F|  |TAMS 0x00000000c1900000, 0x00000000c1900000| Untracked 
|  12|0x00000000c1a00000, 0x00000000c1a00000, 0x00000000c1b00000|  0%| F|  |TAMS 0x00000000c1a00000, 0x00000000c1a00000| Untracked 
|  13|0x00000000c1b00000, 0x00000000c1b00000, 0x00000000c1c00000|  0%| F|  |TAMS 0x00000000c1b00000, 0x00000000c1b00000| Untracked 
|  14|0x00000000c1c00000, 0x00000000c1c00000, 0x00000000c1d00000|  0%| F|  |TAMS 0x00000000c1c00000, 0x00000000c1c00000| Untracked 
|  15|0x00000000c1d00000, 0x00000000c1d00000, 0x00000000c1e00000|  0%| F|  |TAMS 0x00000000c1d00000, 0x00000000c1d00000| Untracked 
|  16|0x00000000c1e00000, 0x00000000c1e00000, 0x00000000c1f00000|  0%| F|  |TAMS 0x00000000c1e00000, 0x00000000c1e00000| Untracked 
|  17|0x00000000c1f00000, 0x00000000c1f00000, 0x00000000c2000000|  0%| F|  |TAMS 0x00000000c1f00000, 0x00000000c1f00000| Untracked 
|  18|0x00000000c2000000, 0x00000000c2000000, 0x00000000c2100000|  0%| F|  |TAMS 0x00000000c2000000, 0x00000000c2000000| Untracked 
|  19|0x00000000c2100000, 0x00000000c2100000, 0x00000000c2200000|  0%| F|  |TAMS 0x00000000c2100000, 0x00000000c2100000| Untracked 
|  20|0x00000000c2200000, 0x00000000c2200000, 0x00000000c2300000|  0%| F|  |TAMS 0x00000000c2200000, 0x00000000c2200000| Untracked 
|  21|0x00000000c2300000, 0x00000000c2300000, 0x00000000c2400000|  0%| F|  |TAMS 0x00000000c2300000, 0x00000000c2300000| Untracked 
|  22|0x00000000c2400000, 0x00000000c2400000, 0x00000000c2500000|  0%| F|  |TAMS 0x00000000c2400000, 0x00000000c2400000| Untracked 
|  23|0x00000000c2500000, 0x00000000c2500000, 0x00000000c2600000|  0%| F|  |TAMS 0x00000000c2500000, 0x00000000c2500000| Untracked 
|  24|0x00000000c2600000, 0x00000000c2600000, 0x00000000c2700000|  0%| F|  |TAMS 0x00000000c2600000, 0x00000000c2600000| Untracked 
|  25|0x00000000c2700000, 0x00000000c2700000, 0x00000000c2800000|  0%| F|  |TAMS 0x00000000c2700000, 0x00000000c2700000| Untracked 
|  26|0x00000000c2800000, 0x00000000c2800000, 0x00000000c2900000|  0%| F|  |TAMS 0x00000000c2800000, 0x00000000c2800000| Untracked 
|  27|0x00000000c2900000, 0x00000000c2900000, 0x00000000c2a00000|  0%| F|  |TAMS 0x00000000c2900000, 0x00000000c2900000| Untracked 
|  28|0x00000000c2a00000, 0x00000000c2a00000, 0x00000000c2b00000|  0%| F|  |TAMS 0x00000000c2a00000, 0x00000000c2a00000| Untracked 
|  29|0x00000000c2b00000, 0x00000000c2b00000, 0x00000000c2c00000|  0%| F|  |TAMS 0x00000000c2b00000, 0x00000000c2b00000| Untracked 
|  30|0x00000000c2c00000, 0x00000000c2c00000, 0x00000000c2d00000|  0%| F|  |TAMS 0x00000000c2c00000, 0x00000000c2c00000| Untracked 
|  31|0x00000000c2d00000, 0x00000000c2d00000, 0x00000000c2e00000|  0%| F|  |TAMS 0x00000000c2d00000, 0x00000000c2d00000| Untracked 
|  32|0x00000000c2e00000, 0x00000000c2e00000, 0x00000000c2f00000|  0%| F|  |TAMS 0x00000000c2e00000, 0x00000000c2e00000| Untracked 
|  33|0x00000000c2f00000, 0x00000000c2f00000, 0x00000000c3000000|  0%| F|  |TAMS 0x00000000c2f00000, 0x00000000c2f00000| Untracked 
|  34|0x00000000c3000000, 0x00000000c3000000, 0x00000000c3100000|  0%| F|  |TAMS 0x00000000c3000000, 0x00000000c3000000| Untracked 
|  35|0x00000000c3100000, 0x00000000c3100000, 0x00000000c3200000|  0%| F|  |TAMS 0x00000000c3100000, 0x00000000c3100000| Untracked 
|  36|0x00000000c3200000, 0x00000000c3200000, 0x00000000c3300000|  0%| F|  |TAMS 0x00000000c3200000, 0x00000000c3200000| Untracked 
|  37|0x00000000c3300000, 0x00000000c3300000, 0x00000000c3400000|  0%| F|  |TAMS 0x00000000c3300000, 0x00000000c3300000| Untracked 
|  38|0x00000000c3400000, 0x00000000c3400000, 0x00000000c3500000|  0%| F|  |TAMS 0x00000000c3400000, 0x00000000c3400000| Untracked 
|  39|0x00000000c3500000, 0x00000000c3500000, 0x00000000c3600000|  0%| F|  |TAMS 0x00000000c3500000, 0x00000000c3500000| Untracked 
|  40|0x00000000c3600000, 0x00000000c3600000, 0x00000000c3700000|  0%| F|  |TAMS 0x00000000c3600000, 0x00000000c3600000| Untracked 
|  41|0x00000000c3700000, 0x00000000c3700000, 0x00000000c3800000|  0%| F|  |TAMS 0x00000000c3700000, 0x00000000c3700000| Untracked 
|  42|0x00000000c3800000, 0x00000000c3800000, 0x00000000c3900000|  0%| F|  |TAMS 0x00000000c3800000, 0x00000000c3800000| Untracked 
|  43|0x00000000c3900000, 0x00000000c3900000, 0x00000000c3a00000|  0%| F|  |TAMS 0x00000000c3900000, 0x00000000c3900000| Untracked 
|  44|0x00000000c3a00000, 0x00000000c3a00000, 0x00000000c3b00000|  0%| F|  |TAMS 0x00000000c3a00000, 0x00000000c3a00000| Untracked 
|  45|0x00000000c3b00000, 0x00000000c3b00000, 0x00000000c3c00000|  0%| F|  |TAMS 0x00000000c3b00000, 0x00000000c3b00000| Untracked 
|  46|0x00000000c3c00000, 0x00000000c3c00000, 0x00000000c3d00000|  0%| F|  |TAMS 0x00000000c3c00000, 0x00000000c3c00000| Untracked 
|  47|0x00000000c3d00000, 0x00000000c3d00000, 0x00000000c3e00000|  0%| F|  |TAMS 0x00000000c3d00000, 0x00000000c3d00000| Untracked 
|  48|0x00000000c3e00000, 0x00000000c3e00000, 0x00000000c3f00000|  0%| F|  |TAMS 0x00000000c3e00000, 0x00000000c3e00000| Untracked 
|  49|0x00000000c3f00000, 0x00000000c3f00000, 0x00000000c4000000|  0%| F|  |TAMS 0x00000000c3f00000, 0x00000000c3f00000| Untracked 
|  50|0x00000000c4000000, 0x00000000c4000000, 0x00000000c4100000|  0%| F|  |TAMS 0x00000000c4000000, 0x00000000c4000000| Untracked 
|  51|0x00000000c4100000, 0x00000000c4100000, 0x00000000c4200000|  0%| F|  |TAMS 0x00000000c4100000, 0x00000000c4100000| Untracked 
|  52|0x00000000c4200000, 0x00000000c4200000, 0x00000000c4300000|  0%| F|  |TAMS 0x00000000c4200000, 0x00000000c4200000| Untracked 
|  53|0x00000000c4300000, 0x00000000c4300000, 0x00000000c4400000|  0%| F|  |TAMS 0x00000000c4300000, 0x00000000c4300000| Untracked 
|  54|0x00000000c4400000, 0x00000000c4400000, 0x00000000c4500000|  0%| F|  |TAMS 0x00000000c4400000, 0x00000000c4400000| Untracked 
|  55|0x00000000c4500000, 0x00000000c4500000, 0x00000000c4600000|  0%| F|  |TAMS 0x00000000c4500000, 0x00000000c4500000| Untracked 
|  56|0x00000000c4600000, 0x00000000c4600000, 0x00000000c4700000|  0%| F|  |TAMS 0x00000000c4600000, 0x00000000c4600000| Untracked 
|  57|0x00000000c4700000, 0x00000000c4700000, 0x00000000c4800000|  0%| F|  |TAMS 0x00000000c4700000, 0x00000000c4700000| Untracked 
|  58|0x00000000c4800000, 0x00000000c4800000, 0x00000000c4900000|  0%| F|  |TAMS 0x00000000c4800000, 0x00000000c4800000| Untracked 
|  59|0x00000000c4900000, 0x00000000c4900000, 0x00000000c4a00000|  0%| F|  |TAMS 0x00000000c4900000, 0x00000000c4900000| Untracked 
|  60|0x00000000c4a00000, 0x00000000c4a00000, 0x00000000c4b00000|  0%| F|  |TAMS 0x00000000c4a00000, 0x00000000c4a00000| Untracked 
|  61|0x00000000c4b00000, 0x00000000c4b00000, 0x00000000c4c00000|  0%| F|  |TAMS 0x00000000c4b00000, 0x00000000c4b00000| Untracked 
|  62|0x00000000c4c00000, 0x00000000c4c00000, 0x00000000c4d00000|  0%| F|  |TAMS 0x00000000c4c00000, 0x00000000c4c00000| Untracked 
|  63|0x00000000c4d00000, 0x00000000c4d00000, 0x00000000c4e00000|  0%| F|  |TAMS 0x00000000c4d00000, 0x00000000c4d00000| Untracked 
|  64|0x00000000c4e00000, 0x00000000c4e00000, 0x00000000c4f00000|  0%| F|  |TAMS 0x00000000c4e00000, 0x00000000c4e00000| Untracked 
|  65|0x00000000c4f00000, 0x00000000c4f00000, 0x00000000c5000000|  0%| F|  |TAMS 0x00000000c4f00000, 0x00000000c4f00000| Untracked 
|  66|0x00000000c5000000, 0x00000000c5000000, 0x00000000c5100000|  0%| F|  |TAMS 0x00000000c5000000, 0x00000000c5000000| Untracked 
|  67|0x00000000c5100000, 0x00000000c5100000, 0x00000000c5200000|  0%| F|  |TAMS 0x00000000c5100000, 0x00000000c5100000| Untracked 
|  68|0x00000000c5200000, 0x00000000c5200000, 0x00000000c5300000|  0%| F|  |TAMS 0x00000000c5200000, 0x00000000c5200000| Untracked 
|  69|0x00000000c5300000, 0x00000000c5300000, 0x00000000c5400000|  0%| F|  |TAMS 0x00000000c5300000, 0x00000000c5300000| Untracked 
|  70|0x00000000c5400000, 0x00000000c5400000, 0x00000000c5500000|  0%| F|  |TAMS 0x00000000c5400000, 0x00000000c5400000| Untracked 
|  71|0x00000000c5500000, 0x00000000c5500000, 0x00000000c5600000|  0%| F|  |TAMS 0x00000000c5500000, 0x00000000c5500000| Untracked 
|  72|0x00000000c5600000, 0x00000000c5600000, 0x00000000c5700000|  0%| F|  |TAMS 0x00000000c5600000, 0x00000000c5600000| Untracked 
|  73|0x00000000c5700000, 0x00000000c5700000, 0x00000000c5800000|  0%| F|  |TAMS 0x00000000c5700000, 0x00000000c5700000| Untracked 
|  74|0x00000000c5800000, 0x00000000c5800000, 0x00000000c5900000|  0%| F|  |TAMS 0x00000000c5800000, 0x00000000c5800000| Untracked 
|  75|0x00000000c5900000, 0x00000000c5900000, 0x00000000c5a00000|  0%| F|  |TAMS 0x00000000c5900000, 0x00000000c5900000| Untracked 
|  76|0x00000000c5a00000, 0x00000000c5a00000, 0x00000000c5b00000|  0%| F|  |TAMS 0x00000000c5a00000, 0x00000000c5a00000| Untracked 
|  77|0x00000000c5b00000, 0x00000000c5b00000, 0x00000000c5c00000|  0%| F|  |TAMS 0x00000000c5b00000, 0x00000000c5b00000| Untracked 
|  78|0x00000000c5c00000, 0x00000000c5c00000, 0x00000000c5d00000|  0%| F|  |TAMS 0x00000000c5c00000, 0x00000000c5c00000| Untracked 
|  79|0x00000000c5d00000, 0x00000000c5d00000, 0x00000000c5e00000|  0%| F|  |TAMS 0x00000000c5d00000, 0x00000000c5d00000| Untracked 
|  80|0x00000000c5e00000, 0x00000000c5e00000, 0x00000000c5f00000|  0%| F|  |TAMS 0x00000000c5e00000, 0x00000000c5e00000| Untracked 
|  81|0x00000000c5f00000, 0x00000000c5f00000, 0x00000000c6000000|  0%| F|  |TAMS 0x00000000c5f00000, 0x00000000c5f00000| Untracked 
|  82|0x00000000c6000000, 0x00000000c6000000, 0x00000000c6100000|  0%| F|  |TAMS 0x00000000c6000000, 0x00000000c6000000| Untracked 
|  83|0x00000000c6100000, 0x00000000c6100000, 0x00000000c6200000|  0%| F|  |TAMS 0x00000000c6100000, 0x00000000c6100000| Untracked 
|  84|0x00000000c6200000, 0x00000000c6200000, 0x00000000c6300000|  0%| F|  |TAMS 0x00000000c6200000, 0x00000000c6200000| Untracked 
|  85|0x00000000c6300000, 0x00000000c6300000, 0x00000000c6400000|  0%| F|  |TAMS 0x00000000c6300000, 0x00000000c6300000| Untracked 
|  86|0x00000000c6400000, 0x00000000c6400000, 0x00000000c6500000|  0%| F|  |TAMS 0x00000000c6400000, 0x00000000c6400000| Untracked 
|  87|0x00000000c6500000, 0x00000000c6500000, 0x00000000c6600000|  0%| F|  |TAMS 0x00000000c6500000, 0x00000000c6500000| Untracked 
|  88|0x00000000c6600000, 0x00000000c6600000, 0x00000000c6700000|  0%| F|  |TAMS 0x00000000c6600000, 0x00000000c6600000| Untracked 
|  89|0x00000000c6700000, 0x00000000c6700000, 0x00000000c6800000|  0%| F|  |TAMS 0x00000000c6700000, 0x00000000c6700000| Untracked 
|  90|0x00000000c6800000, 0x00000000c6800000, 0x00000000c6900000|  0%| F|  |TAMS 0x00000000c6800000, 0x00000000c6800000| Untracked 
|  91|0x00000000c6900000, 0x00000000c6900000, 0x00000000c6a00000|  0%| F|  |TAMS 0x00000000c6900000, 0x00000000c6900000| Untracked 
|  92|0x00000000c6a00000, 0x00000000c6a00000, 0x00000000c6b00000|  0%| F|  |TAMS 0x00000000c6a00000, 0x00000000c6a00000| Untracked 
|  93|0x00000000c6b00000, 0x00000000c6b00000, 0x00000000c6c00000|  0%| F|  |TAMS 0x00000000c6b00000, 0x00000000c6b00000| Untracked 
|  94|0x00000000c6c00000, 0x00000000c6c00000, 0x00000000c6d00000|  0%| F|  |TAMS 0x00000000c6c00000, 0x00000000c6c00000| Untracked 
|  95|0x00000000c6d00000, 0x00000000c6d00000, 0x00000000c6e00000|  0%| F|  |TAMS 0x00000000c6d00000, 0x00000000c6d00000| Untracked 
|  96|0x00000000c6e00000, 0x00000000c6e00000, 0x00000000c6f00000|  0%| F|  |TAMS 0x00000000c6e00000, 0x00000000c6e00000| Untracked 
|  97|0x00000000c6f00000, 0x00000000c6f00000, 0x00000000c7000000|  0%| F|  |TAMS 0x00000000c6f00000, 0x00000000c6f00000| Untracked 
|  98|0x00000000c7000000, 0x00000000c7000000, 0x00000000c7100000|  0%| F|  |TAMS 0x00000000c7000000, 0x00000000c7000000| Untracked 
|  99|0x00000000c7100000, 0x00000000c7100000, 0x00000000c7200000|  0%| F|  |TAMS 0x00000000c7100000, 0x00000000c7100000| Untracked 
| 100|0x00000000c7200000, 0x00000000c7200000, 0x00000000c7300000|  0%| F|  |TAMS 0x00000000c7200000, 0x00000000c7200000| Untracked 
| 101|0x00000000c7300000, 0x00000000c7300000, 0x00000000c7400000|  0%| F|  |TAMS 0x00000000c7300000, 0x00000000c7300000| Untracked 
| 102|0x00000000c7400000, 0x00000000c7400000, 0x00000000c7500000|  0%| F|  |TAMS 0x00000000c7400000, 0x00000000c7400000| Untracked 
| 103|0x00000000c7500000, 0x00000000c7500000, 0x00000000c7600000|  0%| F|  |TAMS 0x00000000c7500000, 0x00000000c7500000| Untracked 
| 104|0x00000000c7600000, 0x00000000c7600000, 0x00000000c7700000|  0%| F|  |TAMS 0x00000000c7600000, 0x00000000c7600000| Untracked 
| 105|0x00000000c7700000, 0x00000000c7700000, 0x00000000c7800000|  0%| F|  |TAMS 0x00000000c7700000, 0x00000000c7700000| Untracked 
| 106|0x00000000c7800000, 0x00000000c7800000, 0x00000000c7900000|  0%| F|  |TAMS 0x00000000c7800000, 0x00000000c7800000| Untracked 
| 107|0x00000000c7900000, 0x00000000c7900000, 0x00000000c7a00000|  0%| F|  |TAMS 0x00000000c7900000, 0x00000000c7900000| Untracked 
| 108|0x00000000c7a00000, 0x00000000c7a00000, 0x00000000c7b00000|  0%| F|  |TAMS 0x00000000c7a00000, 0x00000000c7a00000| Untracked 
| 109|0x00000000c7b00000, 0x00000000c7b00000, 0x00000000c7c00000|  0%| F|  |TAMS 0x00000000c7b00000, 0x00000000c7b00000| Untracked 
| 110|0x00000000c7c00000, 0x00000000c7c00000, 0x00000000c7d00000|  0%| F|  |TAMS 0x00000000c7c00000, 0x00000000c7c00000| Untracked 
| 111|0x00000000c7d00000, 0x00000000c7d00000, 0x00000000c7e00000|  0%| F|  |TAMS 0x00000000c7d00000, 0x00000000c7d00000| Untracked 
| 112|0x00000000c7e00000, 0x00000000c7f00000, 0x00000000c7f00000|100%| E|  |TAMS 0x00000000c7e00000, 0x00000000c7e00000| Complete 
| 113|0x00000000c7f00000, 0x00000000c8000000, 0x00000000c8000000|100%| E|CS|TAMS 0x00000000c7f00000, 0x00000000c7f00000| Complete 
| 114|0x00000000c8000000, 0x00000000c8100000, 0x00000000c8100000|100%| E|CS|TAMS 0x00000000c8000000, 0x00000000c8000000| Complete 
| 115|0x00000000c8100000, 0x00000000c8200000, 0x00000000c8200000|100%| E|CS|TAMS 0x00000000c8100000, 0x00000000c8100000| Complete 
| 116|0x00000000c8200000, 0x00000000c8300000, 0x00000000c8300000|100%| E|CS|TAMS 0x00000000c8200000, 0x00000000c8200000| Complete 
| 117|0x00000000c8300000, 0x00000000c8400000, 0x00000000c8400000|100%| E|CS|TAMS 0x00000000c8300000, 0x00000000c8300000| Complete 
| 118|0x00000000c8400000, 0x00000000c8500000, 0x00000000c8500000|100%| E|CS|TAMS 0x00000000c8400000, 0x00000000c8400000| Complete 
| 119|0x00000000c8500000, 0x00000000c8600000, 0x00000000c8600000|100%| E|CS|TAMS 0x00000000c8500000, 0x00000000c8500000| Complete 
| 120|0x00000000c8600000, 0x00000000c8700000, 0x00000000c8700000|100%| E|CS|TAMS 0x00000000c8600000, 0x00000000c8600000| Complete 
| 121|0x00000000c8700000, 0x00000000c8800000, 0x00000000c8800000|100%| E|CS|TAMS 0x00000000c8700000, 0x00000000c8700000| Complete 
| 122|0x00000000c8800000, 0x00000000c8900000, 0x00000000c8900000|100%| E|CS|TAMS 0x00000000c8800000, 0x00000000c8800000| Complete 
| 123|0x00000000c8900000, 0x00000000c8a00000, 0x00000000c8a00000|100%| E|CS|TAMS 0x00000000c8900000, 0x00000000c8900000| Complete 
| 124|0x00000000c8a00000, 0x00000000c8b00000, 0x00000000c8b00000|100%| E|CS|TAMS 0x00000000c8a00000, 0x00000000c8a00000| Complete 
| 125|0x00000000c8b00000, 0x00000000c8c00000, 0x00000000c8c00000|100%| E|CS|TAMS 0x00000000c8b00000, 0x00000000c8b00000| Complete 
| 126|0x00000000c8c00000, 0x00000000c8d00000, 0x00000000c8d00000|100%| E|CS|TAMS 0x00000000c8c00000, 0x00000000c8c00000| Complete 
| 127|0x00000000c8d00000, 0x00000000c8e00000, 0x00000000c8e00000|100%| E|CS|TAMS 0x00000000c8d00000, 0x00000000c8d00000| Complete 

Card table byte_map: [0x0000029ea7f30000,0x0000029ea8130000] _byte_map_base: 0x0000029ea7929000

Marking Bits (Prev, Next): (CMBitMap*) 0x0000029e94de9ce8, (CMBitMap*) 0x0000029e94de9d20
 Prev Bits: [0x0000029ea8330000, 0x0000029ea92f8000)
 Next Bits: [0x0000029ea9300000, 0x0000029eaa2c8000)

Polling page: 0x0000029e92d20000

Metaspace:

Usage:
  Non-class:     11.52 MB capacity,    11.23 MB ( 98%) used,   243.37 KB (  2%) free+waste,    47.38 KB ( <1%) overhead. 
      Class:      1.56 MB capacity,     1.31 MB ( 84%) used,   228.64 KB ( 14%) free+waste,    24.50 KB (  2%) overhead. 
       Both:     13.07 MB capacity,    12.54 MB ( 96%) used,   472.01 KB (  4%) free+waste,    71.88 KB ( <1%) overhead. 

Virtual space:
  Non-class space:       12.00 MB reserved,      11.75 MB ( 98%) committed 
      Class space:        1.00 GB reserved,       1.63 MB ( <1%) committed 
             Both:        1.01 GB reserved,      13.38 MB (  1%) committed 

Chunk freelists:
   Non-Class:  45.00 KB
       Class:  7.00 KB
        Both:  52.00 KB

MaxMetaspaceSize: 17179869184.00 GB
CompressedClassSpaceSize: 1.00 GB
Initial GC threshold: 20.80 MB
Current GC threshold: 20.80 MB
CDS: off

CodeHeap 'non-profiled nmethods': size=120000Kb used=388Kb max_used=388Kb free=119612Kb
 bounds [0x0000029ea04d0000, 0x0000029ea0740000, 0x0000029ea7a00000]
CodeHeap 'profiled nmethods': size=120000Kb used=1841Kb max_used=1841Kb free=118158Kb
 bounds [0x0000029e98fa0000, 0x0000029e99210000, 0x0000029ea04d0000]
CodeHeap 'non-nmethods': size=5760Kb used=1193Kb max_used=1208Kb free=4566Kb
 bounds [0x0000029e98a00000, 0x0000029e98c70000, 0x0000029e98fa0000]
 total_blobs=1492 nmethods=1034 adapters=371
 compilation: enabled
              stopped_count=0, restarted_count=0
 full_count=0

Compilation events (20 events):
Event: 1.912 Thread 0x0000029eacd3b000 1003       3       java.nio.MappedByteBuffer::limit (6 bytes)
Event: 1.913 Thread 0x0000029eacd3b000 nmethod 1003 0x0000029e99152510 code [0x0000029e991526e0, 0x0000029e991528e8]
Event: 1.913 Thread 0x0000029eacd3b000 1004       3       java.nio.MappedByteBuffer::position (6 bytes)
Event: 1.913 Thread 0x0000029eacd3b000 nmethod 1004 0x0000029e99152a10 code [0x0000029e99152be0, 0x0000029e99152de8]
Event: 1.913 Thread 0x0000029eacd3b000 1005       3       java.nio.DirectByteBufferR::<init> (19 bytes)
Event: 1.913 Thread 0x0000029eacd3b000 nmethod 1005 0x0000029e99152f10 code [0x0000029e99153100, 0x0000029e99153538]
Event: 1.913 Thread 0x0000029eacd3b000 1006       3       java.nio.DirectByteBufferR::slice (62 bytes)
Event: 1.914 Thread 0x0000029eacd3b000 nmethod 1006 0x0000029e99153790 code [0x0000029e99153960, 0x0000029e99153c28]
Event: 1.914 Thread 0x0000029eacd3b000  999       3       jdk.internal.jimage.BasicImageReader::getString (48 bytes)
Event: 1.915 Thread 0x0000029eacd3b000 nmethod 999 0x0000029e99153d90 code [0x0000029e99154000, 0x0000029e991549d8]
Event: 1.915 Thread 0x0000029eacd3b000 1000       3       jdk.internal.jimage.ImageStringsReader::stringFromByteBuffer (28 bytes)
Event: 1.915 Thread 0x0000029eacd3b000 nmethod 1000 0x0000029e99154d10 code [0x0000029e99154f00, 0x0000029e991552d8]
Event: 1.915 Thread 0x0000029eacd34800 nmethod 990% 0x0000029ea052ca90 code [0x0000029ea052cc80, 0x0000029ea052d528]
Event: 1.915 Thread 0x0000029eacd34800 1002       4       java.lang.StringCoding::hasNegatives (25 bytes)
Event: 1.918 Thread 0x0000029eacd3b000 1007       3       jdk.internal.math.FDBigInteger::mult (64 bytes)
Event: 1.918 Thread 0x0000029eacd3b000 nmethod 1007 0x0000029e99155490 code [0x0000029e99155660, 0x0000029e99155898]
Event: 1.918 Thread 0x0000029eacd3b000 1008       3       jdk.internal.math.FDBigInteger::<init> (30 bytes)
Event: 1.919 Thread 0x0000029eacd3b000 nmethod 1008 0x0000029e99155a90 code [0x0000029e99155c60, 0x0000029e99155e68]
Event: 1.919 Thread 0x0000029eacd3b000 1009       3       jdk.internal.math.FDBigInteger::trimLeadingZeros (57 bytes)
Event: 1.919 Thread 0x0000029eacd3b000 nmethod 1009 0x0000029e99155f90 code [0x0000029e99156160, 0x0000029e99156438]

GC Heap History (0 events):
No events

Deoptimization events (20 events):
Event: 0.201 Thread 0x0000029e94dbc800 DEOPT PACKING pc=0x0000029ea04d3f9c sp=0x000000c5e5afd6e0
Event: 0.201 Thread 0x0000029e94dbc800 DEOPT UNPACKING pc=0x0000029e98a4a1af sp=0x000000c5e5afd678 mode 2
Event: 1.714 Thread 0x0000029eaddb0800 DEOPT PACKING pc=0x0000029e990f8138 sp=0x000000c5e73f96d0
Event: 1.714 Thread 0x0000029eaddb0800 DEOPT UNPACKING pc=0x0000029e98a4a95e sp=0x000000c5e73f8b40 mode 0
Event: 1.722 Thread 0x0000029eaddb0800 DEOPT PACKING pc=0x0000029e9902a7a2 sp=0x000000c5e73f9ae0
Event: 1.722 Thread 0x0000029eaddb0800 DEOPT UNPACKING pc=0x0000029e98a4a95e sp=0x000000c5e73f8f48 mode 0
Event: 1.722 Thread 0x0000029eaddb0800 Uncommon trap: trap_request=0xffffff4d fr.pc=0x0000029ea0515cf4 relative=0x00000000000000d4
Event: 1.722 Thread 0x0000029eaddb0800 Uncommon trap: reason=unstable_if action=reinterpret pc=0x0000029ea0515cf4 method=java.util.Arrays.equals([Ljava/lang/Object;[Ljava/lang/Object;)Z @ 23 c2
Event: 1.722 Thread 0x0000029eaddb0800 DEOPT PACKING pc=0x0000029ea0515cf4 sp=0x000000c5e73fac50
Event: 1.722 Thread 0x0000029eaddb0800 DEOPT UNPACKING pc=0x0000029e98a4a1af sp=0x000000c5e73fabd8 mode 2
Event: 1.806 Thread 0x0000029eaddb0800 Uncommon trap: trap_request=0xffffff4d fr.pc=0x0000029ea05056ac relative=0x000000000000032c
Event: 1.806 Thread 0x0000029eaddb0800 Uncommon trap: reason=unstable_if action=reinterpret pc=0x0000029ea05056ac method=jdk.internal.org.objectweb.asm.Type.getArgumentsAndReturnSizes(Ljava/lang/String;)I @ 88 c2
Event: 1.806 Thread 0x0000029eaddb0800 DEOPT PACKING pc=0x0000029ea05056ac sp=0x000000c5e73f8ea0
Event: 1.806 Thread 0x0000029eaddb0800 DEOPT UNPACKING pc=0x0000029e98a4a1af sp=0x000000c5e73f8e28 mode 2
Event: 1.810 Thread 0x0000029eaddb0800 Uncommon trap: trap_request=0xffffff4d fr.pc=0x0000029ea051f8c8 relative=0x00000000000035a8
Event: 1.810 Thread 0x0000029eaddb0800 Uncommon trap: reason=unstable_if action=reinterpret pc=0x0000029ea051f8c8 method=jdk.internal.org.objectweb.asm.Frame.execute(IILjdk/internal/org/objectweb/asm/ClassWriter;Ljdk/internal/org/objectweb/asm/Item;)V @ 1 c2
Event: 1.810 Thread 0x0000029eaddb0800 DEOPT PACKING pc=0x0000029ea051f8c8 sp=0x000000c5e73f8890
Event: 1.810 Thread 0x0000029eaddb0800 DEOPT UNPACKING pc=0x0000029e98a4a1af sp=0x000000c5e73f8830 mode 2
Event: 1.910 Thread 0x0000029eaddb0800 DEOPT PACKING pc=0x0000029e98fc9dd0 sp=0x000000c5e73f8290
Event: 1.910 Thread 0x0000029eaddb0800 DEOPT UNPACKING pc=0x0000029e98a4a95e sp=0x000000c5e73f7730 mode 0

Classes redefined (0 events):
No events

Internal exceptions (20 events):
Event: 1.320 Thread 0x0000029e94dbc800 Exception <a 'java/lang/NoSuchMethodError'{0x00000000c8797b28}: 'java.lang.Object java.lang.invoke.DirectMethodHandle$Holder.invokeStatic(java.lang.Object, java.lang.Object, java.lang.Object, java.lang.Object, java.lang.Object, java.lang.Object, java.lang.Object, java.lang.Object, java.lang.Object, java.lang.Object, java.lang.Object, java.lang.Object, java.lang.Object, int)'> (0x00000000c8797b28) thrown at [./src/hotspot/share/interpreter/linkResolver.cpp, line 773]
Event: 1.323 Thread 0x0000029e94dbc800 Exception <a 'java/lang/NoSuchMethodError'{0x00000000c87a4068}: 'java.lang.Object java.lang.invoke.DirectMethodHandle$Holder.invokeStatic(java.lang.Object, java.lang.Object, java.lang.Object, java.lang.Object, java.lang.Object, java.lang.Object, java.lang.Object, java.lang.Object, java.lang.Object, java.lang.Object, java.lang.Object, java.lang.Object, java.lang.Object, int, int)'> (0x00000000c87a4068) thrown at [./src/hotspot/share/interpreter/linkResolver.cpp, line 773]
Event: 1.329 Thread 0x0000029e94dbc800 Exception <a 'java/lang/NoSuchMethodError'{0x00000000c87b07d8}: 'java.lang.Object java.lang.invoke.DirectMethodHandle$Holder.invokeStatic(java.lang.Object, java.lang.Object, java.lang.Object, java.lang.Object, java.lang.Object, java.lang.Object, java.lang.Object, java.lang.Object, java.lang.Object, java.lang.Object, java.lang.Object, java.lang.Object, java.lang.Object, int, int, java.lang.Object)'> (0x00000000c87b07d8) thrown at [./src/hotspot/share/interpreter/linkResolver.cpp, line 773]
Event: 1.352 Thread 0x0000029e94dbc800 Exception <a 'java/lang/NoSuchMethodError'{0x00000000c8618678}: 'java.lang.Object java.lang.invoke.DirectMethodHandle$Holder.invokeStatic(java.lang.Object, java.lang.Object, java.lang.Object, java.lang.Object, java.lang.Object, java.lang.Object, java.lang.Object, java.lang.Object, java.lang.Object, java.lang.Object, java.lang.Object, java.lang.Object, java.lang.Object, java.lang.Object, java.lang.Object)'> (0x00000000c8618678) thrown at [./src/hotspot/share/interpreter/linkResolver.cpp, line 773]
Event: 1.356 Thread 0x0000029e94dbc800 Exception <a 'java/lang/NoSuchMethodError'{0x00000000c8626230}: 'java.lang.Object java.lang.invoke.DirectMethodHandle$Holder.invokeStatic(java.lang.Object, java.lang.Object, java.lang.Object, java.lang.Object, java.lang.Object, java.lang.Object, java.lang.Object, java.lang.Object, java.lang.Object, java.lang.Object, java.lang.Object, java.lang.Object, java.lang.Object, java.lang.Object, java.lang.Object, java.lang.Object)'> (0x00000000c8626230) thrown at [./src/hotspot/share/interpreter/linkResolver.cpp, l
Event: 1.358 Thread 0x0000029e94dbc800 Exception <a 'java/lang/NoSuchMethodError'{0x00000000c8633f60}: 'java.lang.Object java.lang.invoke.DirectMethodHandle$Holder.invokeSpecial(java.lang.Object, java.lang.Object, int, int, java.lang.Object, java.lang.Object, java.lang.Object)'> (0x00000000c8633f60) thrown at [./src/hotspot/share/interpreter/linkResolver.cpp, line 773]
Event: 1.358 Thread 0x0000029e94dbc800 Exception <a 'java/lang/NoSuchMethodError'{0x00000000c86374f0}: 'java.lang.Object java.lang.invoke.DelegatingMethodHandle$Holder.reinvoke_L(java.lang.Object, int, int, java.lang.Object, java.lang.Object, java.lang.Object)'> (0x00000000c86374f0) thrown at [./src/hotspot/share/interpreter/linkResolver.cpp, line 773]
Event: 1.361 Thread 0x0000029e94dbc800 Exception <a 'java/lang/NoSuchMethodError'{0x00000000c8645708}: 'java.lang.Object java.lang.invoke.DirectMethodHandle$Holder.invokeStatic(java.lang.Object, java.lang.Object, java.lang.Object, java.lang.Object, java.lang.Object, java.lang.Object, int)'> (0x00000000c8645708) thrown at [./src/hotspot/share/interpreter/linkResolver.cpp, line 773]
Event: 1.389 Thread 0x0000029e94dbc800 Exception <a 'java/lang/NoSuchMethodError'{0x00000000c851a550}: 'java.lang.Object java.lang.invoke.DirectMethodHandle$Holder.invokeSpecial(java.lang.Object, java.lang.Object, int, int, java.lang.Object, int, java.lang.Object, java.lang.Object)'> (0x00000000c851a550) thrown at [./src/hotspot/share/interpreter/linkResolver.cpp, line 773]
Event: 1.389 Thread 0x0000029e94dbc800 Exception <a 'java/lang/NoSuchMethodError'{0x00000000c851db90}: 'java.lang.Object java.lang.invoke.DelegatingMethodHandle$Holder.reinvoke_L(java.lang.Object, int, int, java.lang.Object, int, java.lang.Object, java.lang.Object)'> (0x00000000c851db90) thrown at [./src/hotspot/share/interpreter/linkResolver.cpp, line 773]
Event: 1.394 Thread 0x0000029e94dbc800 Exception <a 'java/lang/NoSuchMethodError'{0x00000000c8547e28}: 'java.lang.Object java.lang.invoke.DirectMethodHandle$Holder.invokeStatic(java.lang.Object, java.lang.Object, java.lang.Object, java.lang.Object, java.lang.Object, java.lang.Object, java.lang.Object, java.lang.Object, int)'> (0x00000000c8547e28) thrown at [./src/hotspot/share/interpreter/linkResolver.cpp, line 773]
Event: 1.397 Thread 0x0000029e94dbc800 Exception <a 'java/lang/NoSuchMethodError'{0x00000000c8562360}: 'java.lang.Object java.lang.invoke.DirectMethodHandle$Holder.invokeStatic(java.lang.Object, java.lang.Object, java.lang.Object, java.lang.Object, java.lang.Object, java.lang.Object, java.lang.Object, java.lang.Object, int, int)'> (0x00000000c8562360) thrown at [./src/hotspot/share/interpreter/linkResolver.cpp, line 773]
Event: 1.400 Thread 0x0000029e94dbc800 Exception <a 'java/lang/NoSuchMethodError'{0x00000000c857db10}: 'java.lang.Object java.lang.invoke.DirectMethodHandle$Holder.invokeStatic(java.lang.Object, java.lang.Object, java.lang.Object, java.lang.Object, java.lang.Object, java.lang.Object, java.lang.Object, java.lang.Object, int, int, java.lang.Object)'> (0x00000000c857db10) thrown at [./src/hotspot/share/interpreter/linkResolver.cpp, line 773]
Event: 1.403 Thread 0x0000029e94dbc800 Exception <a 'java/lang/NoSuchMethodError'{0x00000000c859a3a0}: 'java.lang.Object java.lang.invoke.DirectMethodHandle$Holder.invokeStatic(java.lang.Object, java.lang.Object, java.lang.Object, java.lang.Object, java.lang.Object, java.lang.Object, java.lang.Object, java.lang.Object, int, int, java.lang.Object, java.lang.Object)'> (0x00000000c859a3a0) thrown at [./src/hotspot/share/interpreter/linkResolver.cpp, line 773]
Event: 1.423 Thread 0x0000029e94dbc800 Exception <a 'java/lang/NoSuchMethodError'{0x00000000c841ed30}: 'java.lang.Object java.lang.invoke.DirectMethodHandle$Holder.invokeStatic(java.lang.Object, java.lang.Object, java.lang.Object, java.lang.Object, int)'> (0x00000000c841ed30) thrown at [./src/hotspot/share/interpreter/linkResolver.cpp, line 773]
Event: 1.449 Thread 0x0000029e94dbc800 Exception <a 'java/lang/NoSuchMethodError'{0x00000000c84e2850}: 'java.lang.Object java.lang.invoke.DelegatingMethodHandle$Holder.reinvoke_L(java.lang.Object, java.lang.Object, long)'> (0x00000000c84e2850) thrown at [./src/hotspot/share/interpreter/linkResolver.cpp, line 773]
Event: 1.449 Thread 0x0000029e94dbc800 Exception <a 'java/lang/NoSuchMethodError'{0x00000000c84e5a40}: 'java.lang.Object java.lang.invoke.Invokers$Holder.linkToTargetMethod(java.lang.Object, long, java.lang.Object)'> (0x00000000c84e5a40) thrown at [./src/hotspot/share/interpreter/linkResolver.cpp, line 773]
Event: 1.472 Thread 0x0000029eadc6b000 Exception <a 'java/lang/NoSuchMethodError'{0x00000000c8352878}: 'java.lang.Object java.lang.invoke.DelegatingMethodHandle$Holder.reinvoke_L(java.lang.Object, int, java.lang.Object)'> (0x00000000c8352878) thrown at [./src/hotspot/share/interpreter/linkResolver.cpp, line 773]
Event: 1.546 Thread 0x0000029eaddb0800 Exception <a 'java/lang/NoSuchMethodError'{0x00000000c821dc38}: <clinit>> (0x00000000c821dc38) thrown at [./src/hotspot/share/prims/jni.cpp, line 1365]
Event: 1.810 Thread 0x0000029eaddb0800 Exception <a 'java/lang/NoSuchMethodError'{0x00000000c80b1538}: 'int java.lang.invoke.DirectMethodHandle$Holder.invokeSpecialIFC(java.lang.Object, java.lang.Object, int)'> (0x00000000c80b1538) thrown at [./src/hotspot/share/interpreter/linkResolver.cpp, line 773]

Events (20 events):
Event: 1.908 loading class com/mysql/cj/LocalizedErrorMessages_pl done
Event: 1.910 loading class com/mysql/cj/LocalizedErrorMessages_pl_PL
Event: 1.910 loading class com/mysql/cj/LocalizedErrorMessages_pl_PL done
Event: 1.912 loading class java/text/MessageFormat
Event: 1.912 loading class java/text/Format
Event: 1.912 loading class java/text/Format done
Event: 1.913 loading class java/text/MessageFormat done
Event: 1.913 loading class java/util/Locale$Category
Event: 1.913 loading class java/util/Locale$Category done
Event: 1.913 loading class java/util/Locale$1
Event: 1.913 loading class java/util/Locale$1 done
Event: 1.914 loading class java/text/FieldPosition
Event: 1.914 loading class java/text/FieldPosition done
Event: 1.915 loading class java/math/BigDecimal$1
Event: 1.915 loading class java/math/BigDecimal$1 done
Event: 1.916 loading class jdk/internal/math/FDBigInteger
Event: 1.916 loading class jdk/internal/math/FDBigInteger done
Event: 1.919 loading class java/math/MathContext
Event: 1.920 loading class java/math/MathContext done
Event: 1.920 loading class java/math/RoundingMode


Dynamic libraries:
0x00007ff60f1f0000 - 0x00007ff60f1fa000 	C:\Program Files\JetBrains\IntelliJ IDEA 2021.2.3\jbr\bin\java.exe
0x00007ffcba210000 - 0x00007ffcba405000 	C:\WINDOWS\SYSTEM32\ntdll.dll
0x00007ffcb89b0000 - 0x00007ffcb8a6e000 	C:\WINDOWS\System32\KERNEL32.DLL
0x00007ffcb7fa0000 - 0x00007ffcb8268000 	C:\WINDOWS\System32\KERNELBASE.dll
0x00007ffcb7be0000 - 0x00007ffcb7ce0000 	C:\WINDOWS\System32\ucrtbase.dll
0x00007ffc8c6b0000 - 0x00007ffc8c6c9000 	C:\Program Files\JetBrains\IntelliJ IDEA 2021.2.3\jbr\bin\jli.dll
0x00007ffc8c5d0000 - 0x00007ffc8c5e7000 	C:\Program Files\JetBrains\IntelliJ IDEA 2021.2.3\jbr\bin\VCRUNTIME140.dll
0x00007ffcb83a0000 - 0x00007ffcb8540000 	C:\WINDOWS\System32\USER32.dll
0x00007ffcb7b00000 - 0x00007ffcb7b22000 	C:\WINDOWS\System32\win32u.dll
0x00007ffc91ca0000 - 0x00007ffc91f3a000 	C:\WINDOWS\WinSxS\amd64_microsoft.windows.common-controls_6595b64144ccf1df_6.0.19041.1110_none_60b5254171f9507e\COMCTL32.dll
0x00007ffcb8cd0000 - 0x00007ffcb8d6e000 	C:\WINDOWS\System32\msvcrt.dll
0x00007ffcb8270000 - 0x00007ffcb829b000 	C:\WINDOWS\System32\GDI32.dll
0x00007ffcb79a0000 - 0x00007ffcb7aab000 	C:\WINDOWS\System32\gdi32full.dll
0x00007ffcb7e40000 - 0x00007ffcb7edd000 	C:\WINDOWS\System32\msvcp_win.dll
0x00007ffcb91c0000 - 0x00007ffcb91f0000 	C:\WINDOWS\System32\IMM32.DLL
0x00007ffc77dd0000 - 0x00007ffc77e6d000 	C:\Program Files\JetBrains\IntelliJ IDEA 2021.2.3\jbr\bin\msvcp140.dll
0x00007ffc64ff0000 - 0x00007ffc65b48000 	C:\Program Files\JetBrains\IntelliJ IDEA 2021.2.3\jbr\bin\server\jvm.dll
0x00007ffcb93f0000 - 0x00007ffcb949e000 	C:\WINDOWS\System32\ADVAPI32.dll
0x00007ffcb9cf0000 - 0x00007ffcb9d8c000 	C:\WINDOWS\System32\sechost.dll
0x00007ffcba0a0000 - 0x00007ffcba1c5000 	C:\WINDOWS\System32\RPCRT4.dll
0x00007ffcb94a0000 - 0x00007ffcb94a8000 	C:\WINDOWS\System32\PSAPI.DLL
0x00007ffc9e120000 - 0x00007ffc9e129000 	C:\WINDOWS\SYSTEM32\WSOCK32.dll
0x00007ffca2d80000 - 0x00007ffca2da7000 	C:\WINDOWS\SYSTEM32\WINMM.dll
0x00007ffca1e40000 - 0x00007ffca1e4a000 	C:\WINDOWS\SYSTEM32\VERSION.dll
0x00007ffcb91f0000 - 0x00007ffcb925b000 	C:\WINDOWS\System32\WS2_32.dll
0x00007ffcb5840000 - 0x00007ffcb5852000 	C:\WINDOWS\SYSTEM32\kernel.appcore.dll
0x00007ffcb1e20000 - 0x00007ffcb1e31000 	C:\Program Files\JetBrains\IntelliJ IDEA 2021.2.3\jbr\bin\verify.dll
0x00007ffcb03a0000 - 0x00007ffcb0584000 	C:\WINDOWS\SYSTEM32\DBGHELP.DLL
0x00007ffcb05d0000 - 0x00007ffcb05fc000 	C:\WINDOWS\SYSTEM32\dbgcore.DLL
0x00007ffcb7ee0000 - 0x00007ffcb7f62000 	C:\WINDOWS\System32\bcryptPrimitives.dll
0x00007ffcb0e10000 - 0x00007ffcb0e39000 	C:\Program Files\JetBrains\IntelliJ IDEA 2021.2.3\jbr\bin\java.dll
0x00007ffcb3560000 - 0x00007ffcb356b000 	C:\Program Files\JetBrains\IntelliJ IDEA 2021.2.3\jbr\bin\jimage.dll
0x00007ffcb1e00000 - 0x00007ffcb1e18000 	C:\Program Files\JetBrains\IntelliJ IDEA 2021.2.3\jbr\bin\zip.dll
0x00007ffcb95a0000 - 0x00007ffcb9ce4000 	C:\WINDOWS\System32\SHELL32.dll
0x00007ffcb5a40000 - 0x00007ffcb61d4000 	C:\WINDOWS\SYSTEM32\windows.storage.dll
0x00007ffcb8d80000 - 0x00007ffcb90d4000 	C:\WINDOWS\System32\combase.dll
0x00007ffcb7390000 - 0x00007ffcb73bc000 	C:\WINDOWS\SYSTEM32\Wldp.dll
0x00007ffcb9340000 - 0x00007ffcb93ed000 	C:\WINDOWS\System32\SHCORE.dll
0x00007ffcb9d90000 - 0x00007ffcb9de5000 	C:\WINDOWS\System32\shlwapi.dll
0x00007ffcb7870000 - 0x00007ffcb788f000 	C:\WINDOWS\SYSTEM32\profapi.dll
0x00007ffcb0d80000 - 0x00007ffcb0d9a000 	C:\Program Files\JetBrains\IntelliJ IDEA 2021.2.3\jbr\bin\net.dll
0x00007ffca51a0000 - 0x00007ffca52a9000 	C:\WINDOWS\SYSTEM32\WINHTTP.dll
0x00007ffcb70f0000 - 0x00007ffcb715a000 	C:\WINDOWS\system32\mswsock.dll
0x00007ffcb0c80000 - 0x00007ffcb0c94000 	C:\Program Files\JetBrains\IntelliJ IDEA 2021.2.3\jbr\bin\nio.dll
0x00007ffcb72e0000 - 0x00007ffcb72f8000 	C:\WINDOWS\SYSTEM32\CRYPTSP.dll
0x00007ffcb6a00000 - 0x00007ffcb6a34000 	C:\WINDOWS\system32\rsaenh.dll
0x00007ffcb7f70000 - 0x00007ffcb7f97000 	C:\WINDOWS\System32\bcrypt.dll
0x00007ffcb7830000 - 0x00007ffcb785e000 	C:\WINDOWS\SYSTEM32\USERENV.dll
0x00007ffcb7300000 - 0x00007ffcb730c000 	C:\WINDOWS\SYSTEM32\CRYPTBASE.dll
0x00007ffcb6d90000 - 0x00007ffcb6dcb000 	C:\WINDOWS\SYSTEM32\IPHLPAPI.DLL
0x00007ffcb8390000 - 0x00007ffcb8398000 	C:\WINDOWS\System32\NSI.dll
0x00007ffcb1090000 - 0x00007ffcb10a7000 	C:\WINDOWS\SYSTEM32\dhcpcsvc6.DLL
0x00007ffcb1150000 - 0x00007ffcb116d000 	C:\WINDOWS\SYSTEM32\dhcpcsvc.DLL
0x00007ffcb6dd0000 - 0x00007ffcb6e9a000 	C:\WINDOWS\SYSTEM32\DNSAPI.dll
0x00007ffcb0e00000 - 0x00007ffcb0e08000 	C:\Program Files\JetBrains\IntelliJ IDEA 2021.2.3\jbr\bin\rmi.dll

dbghelp: loaded successfully - version: 4.0.5 - missing functions: none
symbol engine: initialized successfully - sym options: 0x614 - pdb path: .;C:\Program Files\JetBrains\IntelliJ IDEA 2021.2.3\jbr\bin;C:\WINDOWS\SYSTEM32;C:\WINDOWS\WinSxS\amd64_microsoft.windows.common-controls_6595b64144ccf1df_6.0.19041.1110_none_60b5254171f9507e;C:\Program Files\JetBrains\IntelliJ IDEA 2021.2.3\jbr\bin\server

VM Arguments:
jvm_args: -Djava.rmi.server.hostname=127.0.0.1 -Duser.timezone=UTC -Xmx1009m -Xms128m -Dfile.encoding=UTF-8 
java_command: com.intellij.database.remote.RemoteJdbcServer com.mysql.cj.jdbc.Driver
java_class_path (initial): C:\Program Files\JetBrains\IntelliJ IDEA 2021.2.3\lib\util.jar;C:\Program Files\JetBrains\IntelliJ IDEA 2021.2.3\lib\groovy-2.5.14.jar;C:\Program Files\JetBrains\IntelliJ IDEA 2021.2.3\plugins\DatabaseTools\lib\jdbc-console.jar;C:\Users\hp\AppData\Roaming\JetBrains\IntelliJIdea2021.2\jdbc-drivers\MySQL ConnectorJ\8.0.25\mysql-connector-java-8.0.25.jar
Launcher Type: SUN_STANDARD

[Global flags]
     intx CICompilerCount                          = 4                                         {product} {ergonomic}
     uint ConcGCThreads                            = 2                                         {product} {ergonomic}
     uint G1ConcRefinementThreads                  = 8                                         {product} {ergonomic}
   size_t G1HeapRegionSize                         = 1048576                                   {product} {ergonomic}
    uintx GCDrainStackTargetSize                   = 64                                        {product} {ergonomic}
   size_t InitialHeapSize                          = 134217728                                 {product} {command line}
   size_t MarkStackSize                            = 4194304                                   {product} {ergonomic}
   size_t MaxHeapSize                              = 1059061760                                {product} {command line, ergonomic}
   size_t MaxNewSize                               = 635437056                                 {product} {ergonomic}
   size_t MinHeapDeltaBytes                        = 1048576                                   {product} {ergonomic}
    uintx NonNMethodCodeHeapSize                   = 5836300                                {pd product} {ergonomic}
    uintx NonProfiledCodeHeapSize                  = 122910970                              {pd product} {ergonomic}
    uintx ProfiledCodeHeapSize                     = 122910970                              {pd product} {ergonomic}
    uintx ReservedCodeCacheSize                    = 251658240                              {pd product} {ergonomic}
     bool SegmentedCodeCache                       = true                                      {product} {ergonomic}
     bool UseCompressedClassPointers               = true                                 {lp64_product} {ergonomic}
     bool UseCompressedOops                        = true                                 {lp64_product} {ergonomic}
     bool UseG1GC                                  = true                                      {product} {ergonomic}
     bool UseLargePagesIndividualAllocation        = false                                  {pd product} {ergonomic}

Logging:
Log output configuration:
 #0: stdout all=warning uptime,level,tags
 #1: stderr all=off uptime,level,tags

Environment Variables:
JAVA_HOME=C:\Program Files\Java\jdk-11.0.13
PATH=C:\Program Files\Common Files\Oracle\Java\javapath;C:\Users\hp\AppData\Local\Microsoft\WindowsApps;C:\Users\hp\AppData\Roaming\npm;C:\gradle-7.3\bin;C:\Program Files\Java\jdk-11.0.13\bin;C:\Program Files\Git\cmd;C:\Program Files\Git\mingw64\bin;C:\Program Files\Git\usr\bin;C:\Program Files (x86)\dotnet\;C:\Program Files\MySQL\MySQL Shell 8.0\bin\;C:\Users\hp\AppData\Local\Microsoft\WindowsApps;C:\gradle-6.7.1\bin;C:\Program Files\Java\jdk-11.0.13\bin;C:\Program Files\heroku\bin
USERNAME=hp
OS=Windows_NT
PROCESSOR_IDENTIFIER=Intel64 Family 6 Model 142 Stepping 10, GenuineIntel



---------------  S Y S T E M  ---------------

OS: Windows 10 , 64 bit Build 19041 (10.0.19041.1566)
OS uptime: 16 days 13:37 hours

CPU:total 8 (initial active 8) (4 cores per cpu, 2 threads per core) family 6 model 142 stepping 10 microcode 0xe0, cmov, cx8, fxsr, mmx, sse, sse2, sse3, ssse3, sse4.1, sse4.2, popcnt, avx, avx2, aes, clmul, erms, 3dnowpref, lzcnt, ht, tsc, tscinvbit, bmi1, bmi2, adx, fma

Memory: 4k page, system-wide physical 8072M (601M free)
TotalPageFile size 23665M (AvailPageFile size 31M)
current process WorkingSet (physical memory assigned to process): 75M, peak: 75M
current process commit charge ("private bytes"): 224M, peak: 224M

vm_info: OpenJDK 64-Bit Server VM (11.0.12+7-b1504.40) for windows-amd64 JRE (11.0.12+7-b1504.40), built on Sep 23 2021 14:38:03 by "" with MS VC++ 14.0 (VS2015)

END.
